Wed Jan 21 11:48:12 2026 | START FILE=../TEXT/BigMessyData.csv
Wed Jan 21 11:48:12 2026 | ROW=2 REJECTED REASON=INVALID_Email
Wed Jan 21 11:48:12 2026 | ROW=3 REJECTED REASON=INVALID_Name
Wed Jan 21 11:48:12 2026 | ROW=4 REJECTED REASON=INVALID_Age
Wed Jan 21 11:48:12 2026 | ROW=5 REJECTED REASON=MISSING_Name
Wed Jan 21 11:48:12 2026 | ROW=6 REJECTED REASON=INVALID_Salary
Wed Jan 21 11:48:12 2026 | ROW=7 REJECTED REASON=MISSING_JoinDate
Wed Jan 21 11:48:12 2026 | ROW=8 REJECTED REASON=INVALID_Email
Wed Jan 21 11:48:12 2026 | ROW=16 REJECTED REASON=INVALID_Name
Wed Jan 21 11:48:12 2026 | ROW=19 REJECTED REASON=INVALID_Age,INVALID_Name
Wed Jan 21 11:48:12 2026 | ROW=20 REJECTED REASON=INVALID_Salary
Wed Jan 21 11:48:12 2026 | ROW=22 REJECTED REASON=INVALID_Name
Wed Jan 21 11:48:12 2026 | ROW=25 REJECTED REASON=INVALID_Name
Wed Jan 21 11:48:12 2026 | ROW=26 REJECTED REASON=INVALID_Name
Wed Jan 21 11:48:12 2026 | ROW=29 REJECTED REASON=INVALID_Name
Wed Jan 21 11:48:12 2026 | ROW=30 REJECTED REASON=MISSING_Salary,MISSING_Email,MISSING_Name,MISSING_Department,MISSING_JoinDate
Wed Jan 21 11:48:12 2026 | SUMMARY total=33 accepted=18 recovered=0 rejected=15
Wed Jan 21 11:48:12 2026 | END FILE=../TEXT/BigMessyData.csv
Wed Jan 21 11:51:35 2026 | START FILE=../TEXT/BigMessyData.csv
Wed Jan 21 11:51:35 2026 | ROW=2 REJECTED REASON=INVALID_Email
Wed Jan 21 11:51:35 2026 | ROW=3 REJECTED REASON=INVALID_Name
Wed Jan 21 11:51:35 2026 | ROW=4 REJECTED REASON=INVALID_Age
Wed Jan 21 11:51:35 2026 | ROW=5 REJECTED REASON=MISSING_Name
Wed Jan 21 11:51:35 2026 | ROW=6 REJECTED REASON=INVALID_Salary
Wed Jan 21 11:51:35 2026 | ROW=7 REJECTED REASON=MISSING_JoinDate
Wed Jan 21 11:51:35 2026 | ROW=8 REJECTED REASON=INVALID_Email
Wed Jan 21 11:51:35 2026 | ROW=16 REJECTED REASON=INVALID_Name
Wed Jan 21 11:51:35 2026 | ROW=19 REJECTED REASON=INVALID_Name,INVALID_Age
Wed Jan 21 11:51:35 2026 | ROW=20 REJECTED REASON=INVALID_Salary
Wed Jan 21 11:51:35 2026 | ROW=22 REJECTED REASON=INVALID_Name
Wed Jan 21 11:51:35 2026 | ROW=25 REJECTED REASON=INVALID_Name
Wed Jan 21 11:51:35 2026 | ROW=26 REJECTED REASON=INVALID_Name
Wed Jan 21 11:51:35 2026 | ROW=29 REJECTED REASON=INVALID_Name
Wed Jan 21 11:51:35 2026 | ROW=30 REJECTED REASON=MISSING_JoinDate,MISSING_Salary,MISSING_Department,MISSING_Name,MISSING_Email
Wed Jan 21 11:51:35 2026 | SUMMARY total=33 accepted=18 recovered=0 rejected=15
Wed Jan 21 11:51:35 2026 | END FILE=../TEXT/BigMessyData.csv
