Thu Jan 22 17:06:31 2026 | START FILE=../TEXT/Messy_Employee_dataset.csv
Thu Jan 22 17:06:31 2026 | ROW=2 REJECTED REASON=MISSING_Age
Thu Jan 22 17:06:31 2026 | ROW=3 REJECTED REASON=MISSING_Age
Thu Jan 22 17:06:31 2026 | ROW=7 REJECTED REASON=MISSING_Age
Thu Jan 22 17:06:31 2026 | ROW=10 REJECTED REASON=MISSING_Age
Thu Jan 22 17:06:31 2026 | ROW=12 REJECTED REASON=MISSING_Age
Thu Jan 22 17:06:31 2026 | ROW=14 REJECTED REASON=MISSING_Age
Thu Jan 22 17:06:31 2026 | ROW=19 REJECTED REASON=MISSING_Age
Thu Jan 22 17:06:31 2026 | ROW=37 REJECTED REASON=MISSING_Age
Thu Jan 22 17:06:31 2026 | ROW=43 REJECTED REASON=MISSING_Age
Thu Jan 22 17:06:31 2026 | ROW=44 REJECTED REASON=MISSING_Age
Thu Jan 22 17:06:31 2026 | ROW=45 REJECTED REASON=MISSING_Age
Thu Jan 22 17:06:31 2026 | ROW=47 REJECTED REASON=MISSING_Age
Thu Jan 22 17:06:31 2026 | ROW=50 REJECTED REASON=MISSING_Age
Thu Jan 22 17:06:31 2026 | ROW=55 REJECTED REASON=MISSING_Age
Thu Jan 22 17:06:31 2026 | ROW=70 REJECTED REASON=MISSING_Age
Thu Jan 22 17:06:31 2026 | ROW=73 REJECTED REASON=MISSING_Age
Thu Jan 22 17:06:31 2026 | ROW=88 REJECTED REASON=MISSING_Age
Thu Jan 22 17:06:31 2026 | ROW=94 REJECTED REASON=MISSING_Age
Thu Jan 22 17:06:31 2026 | ROW=99 REJECTED REASON=MISSING_Age
Thu Jan 22 17:06:31 2026 | ROW=100 REJECTED REASON=INVALID_Salary
Thu Jan 22 17:06:31 2026 | ROW=105 REJECTED REASON=MISSING_Age
Thu Jan 22 17:06:31 2026 | ROW=110 REJECTED REASON=MISSING_Age
Thu Jan 22 17:06:31 2026 | ROW=124 REJECTED REASON=MISSING_Age
Thu Jan 22 17:06:31 2026 | ROW=125 REJECTED REASON=MISSING_Age
Thu Jan 22 17:06:31 2026 | ROW=127 REJECTED REASON=MISSING_Age
Thu Jan 22 17:06:31 2026 | ROW=129 REJECTED REASON=MISSING_Age
Thu Jan 22 17:06:31 2026 | ROW=133 REJECTED REASON=MISSING_Age
Thu Jan 22 17:06:31 2026 | ROW=134 REJECTED REASON=MISSING_Age
Thu Jan 22 17:06:31 2026 | ROW=137 REJECTED REASON=MISSING_Age
Thu Jan 22 17:06:31 2026 | ROW=138 REJECTED REASON=MISSING_Age
Thu Jan 22 17:06:31 2026 | ROW=142 REJECTED REASON=MISSING_Age
Thu Jan 22 17:06:31 2026 | ROW=147 REJECTED REASON=MISSING_Age
Thu Jan 22 17:06:31 2026 | ROW=149 REJECTED REASON=MISSING_Age
Thu Jan 22 17:06:31 2026 | ROW=151 REJECTED REASON=MISSING_Age
Thu Jan 22 17:06:31 2026 | ROW=154 REJECTED REASON=MISSING_Age
Thu Jan 22 17:06:31 2026 | ROW=155 REJECTED REASON=MISSING_Age
Thu Jan 22 17:06:31 2026 | ROW=158 REJECTED REASON=MISSING_Age
Thu Jan 22 17:06:31 2026 | ROW=160 REJECTED REASON=MISSING_Age
Thu Jan 22 17:06:31 2026 | ROW=164 REJECTED REASON=MISSING_Age
Thu Jan 22 17:06:31 2026 | ROW=168 REJECTED REASON=MISSING_Age
Thu Jan 22 17:06:31 2026 | ROW=173 REJECTED REASON=MISSING_Age
Thu Jan 22 17:06:31 2026 | ROW=180 REJECTED REASON=MISSING_Age
Thu Jan 22 17:06:31 2026 | ROW=182 REJECTED REASON=MISSING_Age
Thu Jan 22 17:06:31 2026 | ROW=186 REJECTED REASON=MISSING_Age
Thu Jan 22 17:06:31 2026 | ROW=194 REJECTED REASON=MISSING_Age
Thu Jan 22 17:06:31 2026 | ROW=199 REJECTED REASON=MISSING_Age
Thu Jan 22 17:06:31 2026 | ROW=205 REJECTED REASON=MISSING_Age
Thu Jan 22 17:06:31 2026 | ROW=212 REJECTED REASON=MISSING_Age
Thu Jan 22 17:06:31 2026 | ROW=227 REJECTED REASON=MISSING_Age
Thu Jan 22 17:06:31 2026 | ROW=233 REJECTED REASON=MISSING_Age
Thu Jan 22 17:06:31 2026 | ROW=236 REJECTED REASON=MISSING_Age
Thu Jan 22 17:06:31 2026 | ROW=237 REJECTED REASON=MISSING_Age
Thu Jan 22 17:06:31 2026 | ROW=244 REJECTED REASON=MISSING_Age
Thu Jan 22 17:06:31 2026 | ROW=252 REJECTED REASON=MISSING_Age
Thu Jan 22 17:06:31 2026 | ROW=257 REJECTED REASON=MISSING_Age
Thu Jan 22 17:06:31 2026 | ROW=263 REJECTED REASON=MISSING_Age
Thu Jan 22 17:06:31 2026 | ROW=265 REJECTED REASON=MISSING_Age
Thu Jan 22 17:06:31 2026 | ROW=267 REJECTED REASON=MISSING_Age
Thu Jan 22 17:06:31 2026 | ROW=268 REJECTED REASON=MISSING_Age
Thu Jan 22 17:06:31 2026 | ROW=269 REJECTED REASON=MISSING_Age
Thu Jan 22 17:06:31 2026 | ROW=274 REJECTED REASON=MISSING_Age
Thu Jan 22 17:06:31 2026 | ROW=284 REJECTED REASON=MISSING_Age
Thu Jan 22 17:06:31 2026 | ROW=290 REJECTED REASON=INVALID_Salary
Thu Jan 22 17:06:31 2026 | ROW=293 REJECTED REASON=MISSING_Age
Thu Jan 22 17:06:31 2026 | ROW=294 REJECTED REASON=MISSING_Age
Thu Jan 22 17:06:31 2026 | ROW=297 REJECTED REASON=MISSING_Age
Thu Jan 22 17:06:31 2026 | ROW=299 REJECTED REASON=MISSING_Age
Thu Jan 22 17:06:31 2026 | ROW=300 REJECTED REASON=MISSING_Age
Thu Jan 22 17:06:31 2026 | ROW=312 REJECTED REASON=MISSING_Age
Thu Jan 22 17:06:31 2026 | ROW=324 REJECTED REASON=MISSING_Age
Thu Jan 22 17:06:31 2026 | ROW=328 REJECTED REASON=MISSING_Age
Thu Jan 22 17:06:31 2026 | ROW=330 REJECTED REASON=INVALID_Salary
Thu Jan 22 17:06:31 2026 | ROW=331 REJECTED REASON=MISSING_Age
Thu Jan 22 17:06:31 2026 | ROW=338 REJECTED REASON=MISSING_Age
Thu Jan 22 17:06:31 2026 | ROW=339 REJECTED REASON=MISSING_Age
Thu Jan 22 17:06:31 2026 | ROW=340 REJECTED REASON=MISSING_Age
Thu Jan 22 17:06:31 2026 | ROW=341 REJECTED REASON=MISSING_Age
Thu Jan 22 17:06:31 2026 | ROW=342 REJECTED REASON=MISSING_Age
Thu Jan 22 17:06:31 2026 | ROW=345 REJECTED REASON=INVALID_Salary
Thu Jan 22 17:06:31 2026 | ROW=349 REJECTED REASON=MISSING_Age
Thu Jan 22 17:06:31 2026 | ROW=355 REJECTED REASON=MISSING_Age
Thu Jan 22 17:06:31 2026 | ROW=356 REJECTED REASON=MISSING_Age
Thu Jan 22 17:06:31 2026 | ROW=360 REJECTED REASON=MISSING_Age
Thu Jan 22 17:06:31 2026 | ROW=368 REJECTED REASON=MISSING_Age
Thu Jan 22 17:06:31 2026 | ROW=371 REJECTED REASON=MISSING_Age
Thu Jan 22 17:06:31 2026 | ROW=374 REJECTED REASON=MISSING_Age
Thu Jan 22 17:06:31 2026 | ROW=377 REJECTED REASON=MISSING_Age
Thu Jan 22 17:06:31 2026 | ROW=380 REJECTED REASON=MISSING_Age
Thu Jan 22 17:06:31 2026 | ROW=382 REJECTED REASON=MISSING_Age
Thu Jan 22 17:06:31 2026 | ROW=385 REJECTED REASON=MISSING_Age
Thu Jan 22 17:06:31 2026 | ROW=394 REJECTED REASON=MISSING_Age
Thu Jan 22 17:06:31 2026 | ROW=399 REJECTED REASON=INVALID_Salary
Thu Jan 22 17:06:31 2026 | ROW=408 REJECTED REASON=MISSING_Age
Thu Jan 22 17:06:31 2026 | ROW=411 REJECTED REASON=MISSING_Age
Thu Jan 22 17:06:31 2026 | ROW=413 REJECTED REASON=MISSING_Age
Thu Jan 22 17:06:31 2026 | ROW=417 REJECTED REASON=MISSING_Age
Thu Jan 22 17:06:31 2026 | ROW=426 REJECTED REASON=MISSING_Age
Thu Jan 22 17:06:31 2026 | ROW=427 REJECTED REASON=MISSING_Age
Thu Jan 22 17:06:31 2026 | ROW=429 REJECTED REASON=MISSING_Age
Thu Jan 22 17:06:31 2026 | ROW=431 REJECTED REASON=MISSING_Age
Thu Jan 22 17:06:31 2026 | ROW=436 REJECTED REASON=MISSING_Age
Thu Jan 22 17:06:31 2026 | ROW=440 REJECTED REASON=MISSING_Age
Thu Jan 22 17:06:31 2026 | ROW=451 REJECTED REASON=MISSING_Age
Thu Jan 22 17:06:31 2026 | ROW=452 REJECTED REASON=MISSING_Age
Thu Jan 22 17:06:31 2026 | ROW=453 REJECTED REASON=MISSING_Age
Thu Jan 22 17:06:31 2026 | ROW=469 REJECTED REASON=MISSING_Age
Thu Jan 22 17:06:31 2026 | ROW=470 REJECTED REASON=MISSING_Age
Thu Jan 22 17:06:31 2026 | ROW=477 REJECTED REASON=MISSING_Age
Thu Jan 22 17:06:31 2026 | ROW=478 REJECTED REASON=MISSING_Age
Thu Jan 22 17:06:31 2026 | ROW=483 REJECTED REASON=MISSING_Age
Thu Jan 22 17:06:31 2026 | ROW=501 REJECTED REASON=MISSING_Age
Thu Jan 22 17:06:31 2026 | ROW=507 REJECTED REASON=MISSING_Age
Thu Jan 22 17:06:31 2026 | ROW=515 REJECTED REASON=MISSING_Age
Thu Jan 22 17:06:31 2026 | ROW=523 REJECTED REASON=MISSING_Age
Thu Jan 22 17:06:31 2026 | ROW=526 REJECTED REASON=MISSING_Age
Thu Jan 22 17:06:31 2026 | ROW=527 REJECTED REASON=MISSING_Age
Thu Jan 22 17:06:31 2026 | ROW=528 REJECTED REASON=MISSING_Age
Thu Jan 22 17:06:31 2026 | ROW=531 REJECTED REASON=MISSING_Age
Thu Jan 22 17:06:31 2026 | ROW=545 REJECTED REASON=MISSING_Age
Thu Jan 22 17:06:31 2026 | ROW=548 REJECTED REASON=MISSING_Age
Thu Jan 22 17:06:31 2026 | ROW=551 REJECTED REASON=MISSING_Age
Thu Jan 22 17:06:31 2026 | ROW=555 REJECTED REASON=MISSING_Age
Thu Jan 22 17:06:31 2026 | ROW=559 REJECTED REASON=MISSING_Age
Thu Jan 22 17:06:31 2026 | ROW=562 REJECTED REASON=MISSING_Age
Thu Jan 22 17:06:31 2026 | ROW=565 REJECTED REASON=MISSING_Age
Thu Jan 22 17:06:31 2026 | ROW=571 REJECTED REASON=MISSING_Age
Thu Jan 22 17:06:31 2026 | ROW=572 REJECTED REASON=MISSING_Age
Thu Jan 22 17:06:31 2026 | ROW=574 REJECTED REASON=MISSING_Age
Thu Jan 22 17:06:31 2026 | ROW=577 REJECTED REASON=MISSING_Age
Thu Jan 22 17:06:31 2026 | ROW=578 REJECTED REASON=MISSING_Age,INVALID_Salary
Thu Jan 22 17:06:31 2026 | ROW=580 REJECTED REASON=MISSING_Age
Thu Jan 22 17:06:31 2026 | ROW=582 REJECTED REASON=MISSING_Age
Thu Jan 22 17:06:31 2026 | ROW=583 REJECTED REASON=INVALID_Salary
Thu Jan 22 17:06:31 2026 | ROW=584 REJECTED REASON=MISSING_Age
Thu Jan 22 17:06:31 2026 | ROW=585 REJECTED REASON=MISSING_Age
Thu Jan 22 17:06:31 2026 | ROW=591 REJECTED REASON=MISSING_Age
Thu Jan 22 17:06:31 2026 | ROW=594 REJECTED REASON=MISSING_Age
Thu Jan 22 17:06:31 2026 | ROW=598 REJECTED REASON=MISSING_Age
Thu Jan 22 17:06:31 2026 | ROW=599 REJECTED REASON=MISSING_Age
Thu Jan 22 17:06:31 2026 | ROW=600 REJECTED REASON=MISSING_Age
Thu Jan 22 17:06:31 2026 | ROW=603 REJECTED REASON=MISSING_Age
Thu Jan 22 17:06:31 2026 | ROW=608 REJECTED REASON=MISSING_Age
Thu Jan 22 17:06:31 2026 | ROW=612 REJECTED REASON=MISSING_Age
Thu Jan 22 17:06:31 2026 | ROW=616 REJECTED REASON=MISSING_Age
Thu Jan 22 17:06:31 2026 | ROW=620 REJECTED REASON=INVALID_Salary
Thu Jan 22 17:06:31 2026 | ROW=621 REJECTED REASON=MISSING_Age
Thu Jan 22 17:06:31 2026 | ROW=625 REJECTED REASON=MISSING_Age
Thu Jan 22 17:06:31 2026 | ROW=627 REJECTED REASON=MISSING_Age
Thu Jan 22 17:06:31 2026 | ROW=637 REJECTED REASON=INVALID_Salary
Thu Jan 22 17:06:31 2026 | ROW=641 REJECTED REASON=MISSING_Age
Thu Jan 22 17:06:31 2026 | ROW=652 REJECTED REASON=MISSING_Age
Thu Jan 22 17:06:31 2026 | ROW=673 REJECTED REASON=MISSING_Age
Thu Jan 22 17:06:31 2026 | ROW=674 REJECTED REASON=MISSING_Age
Thu Jan 22 17:06:31 2026 | ROW=678 REJECTED REASON=INVALID_Salary
Thu Jan 22 17:06:31 2026 | ROW=701 REJECTED REASON=INVALID_Salary
Thu Jan 22 17:06:31 2026 | ROW=702 REJECTED REASON=MISSING_Age
Thu Jan 22 17:06:31 2026 | ROW=709 REJECTED REASON=MISSING_Age
Thu Jan 22 17:06:31 2026 | ROW=711 REJECTED REASON=MISSING_Age
Thu Jan 22 17:06:31 2026 | ROW=713 REJECTED REASON=MISSING_Age
Thu Jan 22 17:06:31 2026 | ROW=715 REJECTED REASON=MISSING_Age
Thu Jan 22 17:06:31 2026 | ROW=717 REJECTED REASON=MISSING_Age
Thu Jan 22 17:06:31 2026 | ROW=722 REJECTED REASON=MISSING_Age
Thu Jan 22 17:06:31 2026 | ROW=725 REJECTED REASON=MISSING_Age
Thu Jan 22 17:06:31 2026 | ROW=726 REJECTED REASON=MISSING_Age
Thu Jan 22 17:06:31 2026 | ROW=729 REJECTED REASON=MISSING_Age
Thu Jan 22 17:06:31 2026 | ROW=736 REJECTED REASON=MISSING_Age
Thu Jan 22 17:06:31 2026 | ROW=742 REJECTED REASON=MISSING_Age
Thu Jan 22 17:06:31 2026 | ROW=745 REJECTED REASON=MISSING_Age
Thu Jan 22 17:06:31 2026 | ROW=747 REJECTED REASON=MISSING_Age
Thu Jan 22 17:06:31 2026 | ROW=753 REJECTED REASON=MISSING_Age
Thu Jan 22 17:06:31 2026 | ROW=759 REJECTED REASON=MISSING_Age
Thu Jan 22 17:06:31 2026 | ROW=760 REJECTED REASON=MISSING_Age
Thu Jan 22 17:06:31 2026 | ROW=761 REJECTED REASON=MISSING_Age
Thu Jan 22 17:06:31 2026 | ROW=768 REJECTED REASON=MISSING_Age
Thu Jan 22 17:06:31 2026 | ROW=769 REJECTED REASON=MISSING_Age
Thu Jan 22 17:06:31 2026 | ROW=771 REJECTED REASON=INVALID_Salary
Thu Jan 22 17:06:31 2026 | ROW=774 REJECTED REASON=MISSING_Age
Thu Jan 22 17:06:31 2026 | ROW=780 REJECTED REASON=MISSING_Age
Thu Jan 22 17:06:31 2026 | ROW=782 REJECTED REASON=MISSING_Age
Thu Jan 22 17:06:31 2026 | ROW=783 REJECTED REASON=MISSING_Age
Thu Jan 22 17:06:31 2026 | ROW=786 REJECTED REASON=MISSING_Age
Thu Jan 22 17:06:31 2026 | ROW=790 REJECTED REASON=MISSING_Age
Thu Jan 22 17:06:31 2026 | ROW=792 REJECTED REASON=MISSING_Age
Thu Jan 22 17:06:31 2026 | ROW=803 REJECTED REASON=MISSING_Age
Thu Jan 22 17:06:31 2026 | ROW=806 REJECTED REASON=MISSING_Age
Thu Jan 22 17:06:31 2026 | ROW=815 REJECTED REASON=MISSING_Age
Thu Jan 22 17:06:31 2026 | ROW=822 REJECTED REASON=INVALID_Salary
Thu Jan 22 17:06:31 2026 | ROW=828 REJECTED REASON=MISSING_Age
Thu Jan 22 17:06:31 2026 | ROW=830 REJECTED REASON=MISSING_Age
Thu Jan 22 17:06:31 2026 | ROW=833 REJECTED REASON=MISSING_Age
Thu Jan 22 17:06:31 2026 | ROW=837 REJECTED REASON=MISSING_Age
Thu Jan 22 17:06:31 2026 | ROW=838 REJECTED REASON=INVALID_Salary
Thu Jan 22 17:06:31 2026 | ROW=839 REJECTED REASON=MISSING_Age
Thu Jan 22 17:06:31 2026 | ROW=846 REJECTED REASON=MISSING_Age
Thu Jan 22 17:06:31 2026 | ROW=847 REJECTED REASON=MISSING_Age
Thu Jan 22 17:06:31 2026 | ROW=852 REJECTED REASON=MISSING_Age
Thu Jan 22 17:06:31 2026 | ROW=853 REJECTED REASON=MISSING_Age
Thu Jan 22 17:06:31 2026 | ROW=870 REJECTED REASON=MISSING_Age
Thu Jan 22 17:06:31 2026 | ROW=871 REJECTED REASON=MISSING_Age
Thu Jan 22 17:06:31 2026 | ROW=877 REJECTED REASON=INVALID_Salary
Thu Jan 22 17:06:31 2026 | ROW=881 REJECTED REASON=MISSING_Age
Thu Jan 22 17:06:31 2026 | ROW=887 REJECTED REASON=MISSING_Age
Thu Jan 22 17:06:31 2026 | ROW=894 REJECTED REASON=MISSING_Age
Thu Jan 22 17:06:31 2026 | ROW=895 REJECTED REASON=MISSING_Age
Thu Jan 22 17:06:31 2026 | ROW=897 REJECTED REASON=MISSING_Age
Thu Jan 22 17:06:31 2026 | ROW=900 REJECTED REASON=INVALID_Salary
Thu Jan 22 17:06:31 2026 | ROW=904 REJECTED REASON=MISSING_Age
Thu Jan 22 17:06:31 2026 | ROW=906 REJECTED REASON=MISSING_Age
Thu Jan 22 17:06:31 2026 | ROW=913 REJECTED REASON=MISSING_Age
Thu Jan 22 17:06:31 2026 | ROW=917 REJECTED REASON=MISSING_Age
Thu Jan 22 17:06:31 2026 | ROW=919 REJECTED REASON=MISSING_Age
Thu Jan 22 17:06:31 2026 | ROW=929 REJECTED REASON=MISSING_Age
Thu Jan 22 17:06:31 2026 | ROW=937 REJECTED REASON=INVALID_Salary
Thu Jan 22 17:06:31 2026 | ROW=941 REJECTED REASON=INVALID_Salary
Thu Jan 22 17:06:31 2026 | ROW=949 REJECTED REASON=INVALID_Salary
Thu Jan 22 17:06:31 2026 | ROW=954 REJECTED REASON=INVALID_Salary
Thu Jan 22 17:06:31 2026 | ROW=957 REJECTED REASON=MISSING_Age,INVALID_Salary
Thu Jan 22 17:06:31 2026 | ROW=959 REJECTED REASON=MISSING_Age
Thu Jan 22 17:06:31 2026 | ROW=962 REJECTED REASON=MISSING_Age
Thu Jan 22 17:06:31 2026 | ROW=963 REJECTED REASON=MISSING_Age
Thu Jan 22 17:06:31 2026 | ROW=964 REJECTED REASON=INVALID_Salary
Thu Jan 22 17:06:31 2026 | ROW=973 REJECTED REASON=MISSING_Age
Thu Jan 22 17:06:31 2026 | ROW=974 REJECTED REASON=MISSING_Age
Thu Jan 22 17:06:31 2026 | ROW=979 REJECTED REASON=MISSING_Age
Thu Jan 22 17:06:31 2026 | ROW=984 REJECTED REASON=MISSING_Age
Thu Jan 22 17:06:31 2026 | ROW=989 REJECTED REASON=MISSING_Age
Thu Jan 22 17:06:31 2026 | ROW=992 REJECTED REASON=MISSING_Age
Thu Jan 22 17:06:31 2026 | ROW=994 REJECTED REASON=MISSING_Age
Thu Jan 22 17:06:31 2026 | ROW=1007 REJECTED REASON=MISSING_Age
Thu Jan 22 17:06:31 2026 | ROW=1010 REJECTED REASON=MISSING_Age
Thu Jan 22 17:06:31 2026 | ROW=1013 REJECTED REASON=INVALID_Salary
Thu Jan 22 17:06:31 2026 | ROW=1014 REJECTED REASON=MISSING_Age
Thu Jan 22 17:06:31 2026 | ROW=1016 REJECTED REASON=INVALID_Salary
Thu Jan 22 17:06:31 2026 | SUMMARY total=1020 accepted=787 recovered=0 rejected=233
Thu Jan 22 17:06:31 2026 | END FILE=../TEXT/Messy_Employee_dataset.csv
